/usr/local/pf/logs/violation.log

# ============================================================
# Critère 1 — Authentification AD invalide
# ============================================================
2024-03-15 14:23:12 WARNING [pfqueue] Compliance check failed mac=00:1A:2B:3C:4D:5E ip=192.168.1.105 hostname=DESKTOP-ABC123 user=johndoe check=ad_authentication expected=valid_ad_account found=invalid_credentials status=Reject action=placed_in_isolation_vlan vlan=3

# ============================================================
# Critère 2 — Machine non enregistrée dans le SI
# ============================================================
2024-03-15 14:25:00 WARNING [pfqueue] Compliance check failed mac=00:DE:AD:BE:EF:00 ip=192.168.1.200 hostname=DESKTOP-UNKNOWN switch=switch-core-01 port=24 check=registered_device expected=known_mac_in_SI found=unknown_mac status=Reject action=placed_in_isolation_vlan vlan=3

# ============================================================
# Critère 3 — Antivirus absent ou désactivé
# ============================================================
2024-03-15 14:30:45 WARNING [pfqueue] Compliance check failed mac=00:1A:2B:3C:4D:5E ip=192.168.1.105 hostname=DESKTOP-ABC123 user=johndoe check=antivirus expected=microsoft_defender_active found=microsoft_defender_disabled status=Reject action=placed_in_remediation_vlan vlan=5

# ============================================================
# Critère 4 — Système d'exploitation non à jour
# ============================================================
2024-03-15 14:35:10 WARNING [pfqueue] Compliance check failed mac=00:1A:2B:3C:4D:5E ip=192.168.1.105 hostname=DESKTOP-ABC123 user=johndoe check=os_updates expected=patches_up_to_date found=critical_patches_missing last_update=2023-11-01 status=Reject action=placed_in_remediation_vlan vlan=5

# ============================================================
# Critère 5 — Pare-feu local désactivé
# ============================================================
2024-03-15 14:40:22 WARNING [pfqueue] Compliance check failed mac=00:1A:2B:3C:4D:5E ip=192.168.1.105 hostname=DESKTOP-ABC123 user=johndoe check=local_firewall expected=firewall_enabled found=firewall_disabled status=Reject action=placed_in_remediation_vlan vlan=5

# ============================================================
# Critère 6 — Version OS non conforme (< Windows 10)
# ============================================================
2024-03-15 14:45:33 WARNING [pfqueue] Compliance check failed mac=00:1A:2B:3C:4D:5E ip=192.168.1.105 hostname=DESKTOP-OLD01 user=jdupont check=os_version expected=windows_10_minimum found=windows_7_build_7601 status=Reject action=placed_in_isolation_vlan vlan=3

# ============================================================
# Critère 7 — Agent de sécurité manquant
# ============================================================
2024-03-15 14:50:55 WARNING [pfqueue] Compliance check failed mac=00:1A:2B:3C:4D:5E ip=192.168.1.105 hostname=DESKTOP-ABC123 user=johndoe check=security_agents expected=wazuh-agent,edr-agent found=none status=Reject action=placed_in_remediation_vlan vlan=5
